{"contracts/IERC20.sol":{"l":{},"path":"/home/xavier/crypto-project/web3Game/contracts/IERC20.sol","s":{},"b":{},"f":{},"fnMap":{},"statementMap":{},"branchMap":{}},"contracts/Treasury.sol":{"l":{"23":3,"27":8,"29":7,"33":7,"38":7,"43":6,"44":6,"45":6,"47":6,"51":3,"55":2,"57":2,"59":2,"61":2,"65":6,"71":31,"75":8,"81":26,"87":6,"91":5,"92":5,"93":5,"95":5,"96":15,"99":5,"105":6,"109":5,"110":5,"111":5,"112":5,"113":5,"114":5,"116":5,"117":0,"119":5,"123":5,"124":15,"129":5,"133":17,"134":31,"135":6,"139":11,"143":5,"144":5,"145":5,"146":5},"path":"/home/xavier/crypto-project/web3Game/contracts/Treasury.sol","s":{"1":8,"2":7,"3":7,"4":7,"5":6,"6":6,"7":6,"8":3,"9":2,"10":2,"11":2,"12":6,"13":31,"14":8,"15":26,"16":6,"17":5,"18":5,"19":5,"20":5,"21":6,"22":5,"23":5,"24":5,"25":5,"26":5,"27":5,"28":5,"29":5,"30":17,"31":31,"32":6,"33":11,"34":5,"35":5,"36":5,"37":5},"b":{"1":[7,1],"2":[7,0],"3":[7,0],"4":[6,1],"5":[2,1],"6":[5,0],"7":[5,0],"8":[0,5],"9":[6,25],"10":[5,1]},"f":{"1":3,"2":8,"3":3,"4":6,"5":31,"6":8,"7":26,"8":6,"9":5,"10":6,"11":5,"12":5,"13":5,"14":17,"15":5},"fnMap":{"1":{"name":"constructor","line":22,"loc":{"start":{"line":22,"column":4},"end":{"line":24,"column":4}}},"2":{"name":"depositTokens","line":26,"loc":{"start":{"line":26,"column":4},"end":{"line":48,"column":4}}},"3":{"name":"withdrawTokens","line":50,"loc":{"start":{"line":50,"column":4},"end":{"line":62,"column":4}}},"4":{"name":"assignTeamMember","line":64,"loc":{"start":{"line":64,"column":4},"end":{"line":66,"column":4}}},"5":{"name":"readMapping","line":68,"loc":{"start":{"line":68,"column":4},"end":{"line":72,"column":4}}},"6":{"name":"getBalancePool","line":74,"loc":{"start":{"line":74,"column":4},"end":{"line":76,"column":4}}},"7":{"name":"getSizeArray","line":78,"loc":{"start":{"line":78,"column":4},"end":{"line":82,"column":4}}},"8":{"name":"calculateRewardsOfTheRound","line":84,"loc":{"start":{"line":84,"column":4},"end":{"line":88,"column":4}}},"9":{"name":"addAllowanceWinners","line":90,"loc":{"start":{"line":90,"column":4},"end":{"line":100,"column":4}}},"10":{"name":"getAllowanceWithdraw","line":102,"loc":{"start":{"line":102,"column":4},"end":{"line":106,"column":4}}},"11":{"name":"setWinnerTeam","line":108,"loc":{"start":{"line":108,"column":4},"end":{"line":120,"column":4}}},"12":{"name":"resetTeam","line":122,"loc":{"start":{"line":122,"column":4},"end":{"line":126,"column":4}}},"13":{"name":"deletePlayerPlayed","line":128,"loc":{"start":{"line":128,"column":4},"end":{"line":130,"column":4}}},"14":{"name":"checkPlayerPlayed","line":132,"loc":{"start":{"line":132,"column":4},"end":{"line":140,"column":4}}},"15":{"name":"playRound","line":142,"loc":{"start":{"line":142,"column":4},"end":{"line":147,"column":4}}}},"statementMap":{"1":{"start":{"line":27,"column":8},"end":{"line":27,"column":60}},"2":{"start":{"line":29,"column":8},"end":{"line":29,"column":897}},"3":{"start":{"line":33,"column":8},"end":{"line":33,"column":1035}},"4":{"start":{"line":38,"column":8},"end":{"line":38,"column":1167}},"5":{"start":{"line":44,"column":8},"end":{"line":44,"column":47}},"6":{"start":{"line":45,"column":8},"end":{"line":45,"column":36}},"7":{"start":{"line":47,"column":8},"end":{"line":47,"column":39}},"8":{"start":{"line":51,"column":8},"end":{"line":51,"column":1496}},"9":{"start":{"line":55,"column":8},"end":{"line":55,"column":71}},"10":{"start":{"line":59,"column":8},"end":{"line":59,"column":52}},"11":{"start":{"line":61,"column":8},"end":{"line":61,"column":51}},"12":{"start":{"line":65,"column":8},"end":{"line":65,"column":50}},"13":{"start":{"line":71,"column":8},"end":{"line":71,"column":38}},"14":{"start":{"line":75,"column":8},"end":{"line":75,"column":26}},"15":{"start":{"line":81,"column":8},"end":{"line":81,"column":31}},"16":{"start":{"line":87,"column":8},"end":{"line":87,"column":72}},"17":{"start":{"line":91,"column":8},"end":{"line":91,"column":59}},"18":{"start":{"line":92,"column":8},"end":{"line":92,"column":53}},"19":{"start":{"line":93,"column":8},"end":{"line":93,"column":61}},"20":{"start":{"line":95,"column":8},"end":{"line":95,"column":2804}},"21":{"start":{"line":105,"column":8},"end":{"line":105,"column":48}},"22":{"start":{"line":109,"column":8},"end":{"line":109,"column":52}},"23":{"start":{"line":110,"column":8},"end":{"line":110,"column":52}},"24":{"start":{"line":111,"column":8},"end":{"line":111,"column":52}},"25":{"start":{"line":112,"column":8},"end":{"line":112,"column":24}},"26":{"start":{"line":113,"column":8},"end":{"line":113,"column":3373}},"27":{"start":{"line":116,"column":8},"end":{"line":116,"column":3436}},"28":{"start":{"line":119,"column":8},"end":{"line":119,"column":21}},"29":{"start":{"line":123,"column":8},"end":{"line":123,"column":3564}},"30":{"start":{"line":133,"column":8},"end":{"line":133,"column":3812}},"31":{"start":{"line":134,"column":12},"end":{"line":134,"column":3877}},"32":{"start":{"line":135,"column":16},"end":{"line":135,"column":27}},"33":{"start":{"line":139,"column":8},"end":{"line":139,"column":20}},"34":{"start":{"line":143,"column":8},"end":{"line":143,"column":38}},"35":{"start":{"line":144,"column":8},"end":{"line":144,"column":34}},"36":{"start":{"line":145,"column":8},"end":{"line":145,"column":18}},"37":{"start":{"line":146,"column":8},"end":{"line":146,"column":27}}},"branchMap":{"1":{"line":27,"type":"if","locations":[{"start":{"line":27,"column":8},"end":{"line":27,"column":8}},{"start":{"line":27,"column":8},"end":{"line":27,"column":8}}]},"2":{"line":29,"type":"if","locations":[{"start":{"line":29,"column":8},"end":{"line":29,"column":8}},{"start":{"line":29,"column":8},"end":{"line":29,"column":8}}]},"3":{"line":33,"type":"if","locations":[{"start":{"line":33,"column":8},"end":{"line":33,"column":8}},{"start":{"line":33,"column":8},"end":{"line":33,"column":8}}]},"4":{"line":38,"type":"if","locations":[{"start":{"line":38,"column":8},"end":{"line":38,"column":8}},{"start":{"line":38,"column":8},"end":{"line":38,"column":8}}]},"5":{"line":51,"type":"if","locations":[{"start":{"line":51,"column":8},"end":{"line":51,"column":8}},{"start":{"line":51,"column":8},"end":{"line":51,"column":8}}]},"6":{"line":108,"type":"if","locations":[{"start":{"line":108,"column":42},"end":{"line":108,"column":42}},{"start":{"line":108,"column":42},"end":{"line":108,"column":42}}]},"7":{"line":113,"type":"if","locations":[{"start":{"line":113,"column":8},"end":{"line":113,"column":8}},{"start":{"line":113,"column":8},"end":{"line":113,"column":8}}]},"8":{"line":116,"type":"if","locations":[{"start":{"line":116,"column":8},"end":{"line":116,"column":8}},{"start":{"line":116,"column":8},"end":{"line":116,"column":8}}]},"9":{"line":134,"type":"if","locations":[{"start":{"line":134,"column":12},"end":{"line":134,"column":12}},{"start":{"line":134,"column":12},"end":{"line":134,"column":12}}]},"10":{"line":142,"type":"if","locations":[{"start":{"line":142,"column":32},"end":{"line":142,"column":32}},{"start":{"line":142,"column":32},"end":{"line":142,"column":32}}]}}},"contracts/XenosToken.sol":{"l":{"13":6,"17":7,"21":3,"23":2,"25":2},"path":"/home/xavier/crypto-project/web3Game/contracts/XenosToken.sol","s":{"1":6,"2":7,"3":3,"4":2},"b":{"1":[7,0],"2":[2,1]},"f":{"1":6,"2":7,"3":3},"fnMap":{"1":{"name":"constructor","line":12,"loc":{"start":{"line":12,"column":4},"end":{"line":14,"column":4}}},"2":{"name":"mint","line":16,"loc":{"start":{"line":16,"column":4},"end":{"line":18,"column":4}}},"3":{"name":"faucetMint","line":20,"loc":{"start":{"line":20,"column":4},"end":{"line":26,"column":4}}}},"statementMap":{"1":{"start":{"line":13,"column":8},"end":{"line":13,"column":51}},"2":{"start":{"line":17,"column":8},"end":{"line":17,"column":24}},"3":{"start":{"line":21,"column":8},"end":{"line":21,"column":90}},"4":{"start":{"line":25,"column":8},"end":{"line":25,"column":44}}},"branchMap":{"1":{"line":16,"type":"if","locations":[{"start":{"line":16,"column":53},"end":{"line":16,"column":53}},{"start":{"line":16,"column":53},"end":{"line":16,"column":53}}]},"2":{"line":21,"type":"if","locations":[{"start":{"line":21,"column":8},"end":{"line":21,"column":8}},{"start":{"line":21,"column":8},"end":{"line":21,"column":8}}]}}}}